0 info it worked if it ends with ok
1 verbose cli [ 'C:\\Program Files\\nodejs\\node.exe',
1 verbose cli   'C:\\Users\\Kyle\\AppData\\Roaming\\npm\\node_modules\\npm\\bin\\npm-cli.js',
1 verbose cli   'start' ]
2 info using npm@4.0.2
3 info using node@v6.9.4
4 verbose run-script [ 'prestart', 'start', 'poststart' ]
5 info lifecycle timestamp@0.0.0~prestart: timestamp@0.0.0
6 silly lifecycle timestamp@0.0.0~prestart: no script for prestart, continuing
7 info lifecycle timestamp@0.0.0~start: timestamp@0.0.0
8 verbose lifecycle timestamp@0.0.0~start: unsafe-perm in lifecycle true
9 verbose lifecycle timestamp@0.0.0~start: PATH: C:\Users\Kyle\AppData\Roaming\npm\node_modules\npm\bin\node-gyp-bin;c:\Users\Kyle\Documents\GitHub\timestamp\node_modules\.bin;C:\Python27\python.exe;C:\Python27\;C:\Python27\Scripts;C:\Program Files\MongoDB\Server\3.2\bin; C:\Windows\system32;C:\Windows;C:\Windows\System32\Wbem;C:\Program Files\nodejs;C:\Program Files (x86)\Heroku\bin;C:\Program Files (x86)\git\cmd;C:\Program Files (x86)\Git\cmd;C:\Users\Kyle\AppData\Roaming\npm;C:\Windows\System32\;C:\Program Files (x86)\Skype\Phone\;C:\Program Files\nodejs\;C:\Users\Kyle\.dnx\bin;C:\Program Files\Microsoft DNX\Dnvm\;C:\Program Files\Microsoft SQL Server\130\Tools\Binn\;C:\Program Files (x86)\Windows Kits\8.1\Windows Performance Toolkit\;C:\Program Files\nodejs\node_modules\npm\bin;C:\Users\Kyle\AppData\Roaming\npm\node_modules;C:\Users\Kyle\AppData\Local\atom\bin;C:\Windows\System32\;C:\Users\Kyle\AppData\Roaming\npm
10 verbose lifecycle timestamp@0.0.0~start: CWD: c:\Users\Kyle\Documents\GitHub\timestamp
11 silly lifecycle timestamp@0.0.0~start: Args: [ '/d /s /c', 'node ./bin/www' ]
12 verbose stack Error: kill ENOSYS
12 verbose stack     at exports._errnoException (util.js:1022:11)
12 verbose stack     at process.kill (internal/process.js:172:13)
12 verbose stack     at process.listener (C:\Users\Kyle\AppData\Roaming\npm\node_modules\npm\node_modules\npmlog\node_modules\gauge\node_modules\signal-exit\index.js:86:15)
12 verbose stack     at emitNone (events.js:91:20)
12 verbose stack     at process.emit (events.js:185:7)
12 verbose stack     at processEmit (C:\Users\Kyle\AppData\Roaming\npm\node_modules\npm\node_modules\npmlog\node_modules\gauge\node_modules\signal-exit\index.js:146:32)
12 verbose stack     at processEmit (C:\Users\Kyle\AppData\Roaming\npm\node_modules\npm\node_modules\npm-registry-client\node_modules\npmlog\node_modules\gauge\node_modules\signal-exit\index.js:146:32)
12 verbose stack     at Signal.wrap.onsignal (internal/process.js:199:44)
13 verbose cwd c:\Users\Kyle\Documents\GitHub\timestamp
14 error Windows_NT 6.3.9600
15 error argv "C:\\Program Files\\nodejs\\node.exe" "C:\\Users\\Kyle\\AppData\\Roaming\\npm\\node_modules\\npm\\bin\\npm-cli.js" "start"
16 error node v6.9.4
17 error npm  v4.0.2
18 error code ENOSYS
19 error errno ENOSYS
20 error syscall kill
21 error kill ENOSYS
22 error If you need help, you may report this error at:
22 error     <https://github.com/npm/npm/issues>
23 verbose exit [ 1, true ]
